<?xml version="1.0" encoding="UTF-8"?>
<!-- Generated by org.testng.reporters.JUnitXMLReporter -->
<testsuite ignored="0" hostname="BINTERNS-QA23L" failures="0" tests="20" name="Test" time="79.269" errors="0" timestamp="2023-05-19T17:18:32 IST">
  <testcase classname="navbar_buttons.Electronics_moduletest" name="logoverify" time="1.831"/>
  <testcase classname="navbar_buttons.Electronics_moduletest" name="sort_item" time="7.294"/>
  <testcase classname="navbar_buttons.Electronics_moduletest" name="add_item1" time="5.519"/>
  <testcase classname="navbar_buttons.Electronics_moduletest" name="add_item2" time="9.262"/>
  <testcase classname="navbar_buttons.Electronics_moduletest" name="add_item3" time="4.054"/>
  <testcase classname="navbar_buttons.Electronics_moduletest" name="gotocart" time="2.783"/>
  <testcase classname="navbar_buttons.Electronics_moduletest" name="print_subtotal" time="1.207"/>
  <testcase classname="navbar_buttons.Electronics_moduletest" name="beauty_module" time="6.697"/>
  <testcase classname="navbar_buttons.Electronics_moduletest" name="gotocart1" time="7.285"/>
  <testcase classname="navbar_buttons.Electronics_moduletest" name="home_improvement" time="10.38"/>
  <testcase classname="navbar_buttons.Electronics_moduletest" name="carfresh_totalitem" time="2.2"/>
  <testcase classname="navbar_buttons.Electronics_moduletest" name="add_carfreshitem" time="1.134"/>
  <testcase classname="navbar_buttons.Electronics_moduletest" name="add_electricalitem" time="4.133"/>
  <testcase classname="navbar_buttons.Electronics_moduletest" name="add_carpentryitem" time="3.803"/>
  <testcase classname="navbar_buttons.Electronics_moduletest" name="sort_carpentryitem" time="2.179"/>
  <testcase classname="navbar_buttons.Electronics_moduletest" name="apply_filter" time="0.12"/>
  <testcase classname="navbar_buttons.Electronics_moduletest" name="slider" time="2.471"/>
  <testcase classname="navbar_buttons.Electronics_moduletest" name="addcarpentry_item" time="0.715"/>
  <testcase classname="navbar_buttons.Electronics_moduletest" name="cart_item" time="2.213"/>
  <testcase classname="navbar_buttons.Electronics_moduletest" name="print_subtotall" time="0.506"/>
</testsuite> <!-- Test -->
