<?xml version="1.0" encoding="UTF-8"?>
<testsuite xmlns:xsi="http://www.w3.org/2001/XMLSchema-instance" xsi:noNamespaceSchemaLocation="https://maven.apache.org/surefire/maven-surefire-plugin/xsd/surefire-test-report-3.0.xsd" version="3.0" name="TestSuite" time="80.318" tests="20" errors="0" skipped="0" failures="0">
  <properties>
[...]
</properties>
  <testcase name="logoverify" classname="navbar_buttons.Electronics_moduletest" time="1.825">
    <system-out><![CDATA[true
true
]]></system-out>
    <system-err><![CDATA[SLF4J: Failed to load class "org.slf4j.impl.StaticLoggerBinder".
SLF4J: Defaulting to no-operation (NOP) logger implementation
SLF4J: See http://www.slf4j.org/codes.html#StaticLoggerBinder for further details.
Starting ChromeDriver 113.0.5672.63 (0e1a4471d5ae5bf128b1bd8f4d627c8cbd55f70c-refs/branch-heads/5672@{#912}) on port 18536
Only local connections are allowed.
Please see https://chromedriver.chromium.org/security-considerations for suggestions on keeping ChromeDriver safe.
ChromeDriver was started successfully.
May 19, 2023 5:17:15 PM org.openqa.selenium.devtools.CdpVersionFinder findNearestMatch
WARNING: Unable to find an exact match for CDP version 113, so returning the closest version found: 111
]]></system-err>
  </testcase>
  <testcase name="sort_item" classname="navbar_buttons.Electronics_moduletest" time="7.295"/>
  <testcase name="add_item1" classname="navbar_buttons.Electronics_moduletest" time="5.517">
    <system-out><![CDATA[item1 added successfully
]]></system-out>
  </testcase>
  <testcase name="add_item2" classname="navbar_buttons.Electronics_moduletest" time="9.262">
    <system-out><![CDATA[item2 added successfully
]]></system-out>
  </testcase>
  <testcase name="add_item3" classname="navbar_buttons.Electronics_moduletest" time="4.055">
    <system-out><![CDATA[item3 added successfully
]]></system-out>
  </testcase>
  <testcase name="gotocart" classname="navbar_buttons.Electronics_moduletest" time="2.783">
    <system-out><![CDATA[cart is opened successfully : 
All item details : Electronics Basket(4)
₹41,579.00
Canon EOS 1500D DSLR Camera with 18-55 mm Lens Kit
₹39,890.00₹47,995.00
You Save ₹8,105.00
00h 00m 00s left before deal expires
Add Service Plan
1
pTron Solero M241 Micro Cable (Black)
₹38.00₹800.00
You Save ₹762.00
1
Fire-Boltt Unity smartwatch, Large Display of 4.64 cm (1.83 inch) Smartphone synced Bluetooth Calling, Built In Speaker For Songs, 120 Sports Modes, AI Voice Assistance,In Built Games, Fire-Boltt Health Suite, BLACK
₹1,599.00₹9,999.00
You Save ₹8,400.00
00h 00m 00s left before deal expires
Add Service Plan
1
Kite Digital Redmi 9A Back Screen Protective Film Carbon Fiber Skin Transparent Screen Guard Sticker
₹52.00₹499.00
You Save ₹447.00
Sold by: KITE DIGITAL
1
]]></system-out>
  </testcase>
  <testcase name="print_subtotal" classname="navbar_buttons.Electronics_moduletest" time="1.207">
    <system-out><![CDATA[sub total of all items : Payment Details
MRP Total
₹59,293.00
Product Discount
- ₹17,714.00
Delivery Fee
FREE  ₹40.00
Total
₹41,579.00
You Saved ₹17,714.00
]]></system-out>
  </testcase>
  <testcase name="beauty_module" classname="navbar_buttons.Electronics_moduletest" time="6.695"/>
  <testcase name="gotocart1" classname="navbar_buttons.Electronics_moduletest" time="7.285">
    <system-out><![CDATA[cart is opened successfully : 
All item details : Beauty Basket(3)
₹617.00
Miss Claire Nature Essence Face Mask - Eggwhite Lemon 25 Ml
₹49.00₹99.00
You Save ₹50.00
Colour: Yellow
Size: 25ml
1
L'Oreal Paris Extraordinary Clay Shampoo 396 Ml
₹379.00
Size: 396ml
1
Garnier Bright Complete Vitamin C Serum Gel - Vitamin C Cream For Instant Brighter Skin 45 gm
₹189.00
1
Electronics Basket(4)
₹41,579.00
Canon EOS 1500D DSLR Camera with 18-55 mm Lens Kit
₹39,890.00₹47,995.00
You Save ₹8,105.00
06h 42m 02s left before deal expires
Add Service Plan
1
pTron Solero M241 Micro Cable (Black)
₹38.00₹800.00
You Save ₹762.00
1
Fire-Boltt Unity smartwatch, Large Display of 4.64 cm (1.83 inch) Smartphone synced Bluetooth Calling, Built In Speaker For Songs, 120 Sports Modes, AI Voice Assistance,In Built Games, Fire-Boltt Health Suite, BLACK
₹1,599.00₹9,999.00
You Save ₹8,400.00
06h 42m 02s left before deal expires
Add Service Plan
1
Kite Digital Redmi 9A Back Screen Protective Film Carbon Fiber Skin Transparent Screen Guard Sticker
₹52.00₹499.00
You Save ₹447.00
Sold by: KITE DIGITAL
1
]]></system-out>
  </testcase>
  <testcase name="home_improvement" classname="navbar_buttons.Electronics_moduletest" time="10.381">
    <system-out><![CDATA[home improvement module is opened successfully 
]]></system-out>
  </testcase>
  <testcase name="carfresh_totalitem" classname="navbar_buttons.Electronics_moduletest" time="2.199">
    <system-out><![CDATA[Sort by:
Popularity
Sort by:
Low to High
total item present in car freshner : 12
]]></system-out>
  </testcase>
  <testcase name="add_carfreshitem" classname="navbar_buttons.Electronics_moduletest" time="1.133"/>
  <testcase name="add_electricalitem" classname="navbar_buttons.Electronics_moduletest" time="4.133"/>
  <testcase name="add_carpentryitem" classname="navbar_buttons.Electronics_moduletest" time="3.803"/>
  <testcase name="sort_carpentryitem" classname="navbar_buttons.Electronics_moduletest" time="2.179">
    <system-out><![CDATA[Sort by:
Popularity
Sort by:
Low to High
total item present in carpentry : 12
]]></system-out>
  </testcase>
  <testcase name="apply_filter" classname="navbar_buttons.Electronics_moduletest" time="0.119">
    <system-out><![CDATA[availability is selected 
category is selected 
]]></system-out>
  </testcase>
  <testcase name="slider" classname="navbar_buttons.Electronics_moduletest" time="2.471"/>
  <testcase name="addcarpentry_item" classname="navbar_buttons.Electronics_moduletest" time="0.715">
    <system-out><![CDATA[items are selected 
]]></system-out>
  </testcase>
  <testcase name="cart_item" classname="navbar_buttons.Electronics_moduletest" time="2.215">
    <system-out><![CDATA[cart is opened successfully : 
All item details : Beauty Basket(3)
₹666.00
Miss Claire Nature Essence Face Mask - Eggwhite Lemon 25 Ml
₹98.00₹198.00
You Save ₹100.00
Colour: Yellow
Size: 25ml
2
L'Oreal Paris Extraordinary Clay Shampoo 396 Ml
₹379.00
Size: 396ml
1
Garnier Bright Complete Vitamin C Serum Gel - Vitamin C Cream For Instant Brighter Skin 45 gm
₹189.00
1
Electronics Basket(4)
₹41,579.00
Canon EOS 1500D DSLR Camera with 18-55 mm Lens Kit
₹39,890.00₹47,995.00
You Save ₹8,105.00
00h 00m 00s left before deal expires
Add Service Plan
1
pTron Solero M241 Micro Cable (Black)
₹38.00₹800.00
You Save ₹762.00
1
Fire-Boltt Unity smartwatch, Large Display of 4.64 cm (1.83 inch) Smartphone synced Bluetooth Calling, Built In Speaker For Songs, 120 Sports Modes, AI Voice Assistance,In Built Games, Fire-Boltt Health Suite, BLACK
₹1,599.00₹9,999.00
You Save ₹8,400.00
00h 00m 00s left before deal expires
Add Service Plan
1
Kite Digital Redmi 9A Back Screen Protective Film Carbon Fiber Skin Transparent Screen Guard Sticker
₹52.00₹499.00
You Save ₹447.00
Sold by: KITE DIGITAL
1
Home Improvement Basket(6)
₹1,435.00
Hi-Plasst 250V Universal 3 Socket 5A Travel Adapter 3 Pin Multi Plug With Individual Switch, Safety Shutter, Fuse And Indicator, Power Plug Adapter
₹499.00₹699.00
You Save ₹200.00
Sold by: Universal Plastics
1
Anchor by Panasonic White 6A Cherry Flecicord Socket 240V
₹280.00₹449.00
You Save ₹169.00
Sold by: PEARL INFOTECH
1
RiseOm Half Round Mirror Holder Bracket Silver Pack of 4 (5mm)
₹190.00₹499.00
You Save ₹309.00
Sold by: Rise Enterprise
1
RAB Folding Bracket Aluminum Light (Code:- ALU 8mm, Silver, 8-Inch, 2-PCS)
₹148.00₹274.00
You Save ₹126.00
Sold by: Badshah hardware center
1
TheFullHint Car Air Freshener/Car Perfume, Lasts more than 500 Sprays ,100ml (Sandalwood)
₹159.00₹299.00
You Save ₹140.00
Sold by: TheFullHint
1
FULLHINT Car Air Freshener hanging perfume | Open and Close Twist Feature Organic Hanging Bottle Air Fresheners | Durable long lasting fragrance and retention | 5 ml (Fusion)
₹159.00₹349.00
You Save ₹190.00
Sold by: TheFullHint
1
]]></system-out>
  </testcase>
  <testcase name="print_subtotall" classname="navbar_buttons.Electronics_moduletest" time="0.507">
    <system-out><![CDATA[sub total of all items : Payment Details
MRP Total
₹62,628.00
Product Discount
- ₹18,948.00
Delivery Fee
FREE  ₹40.00
Total
₹43,680.00
You Saved ₹18,948.00
]]></system-out>
  </testcase>
</testsuite>